[2022-03-21 20:56:21] [ INFO ] [EmailService:28] 401
[2022-03-21 20:56:21] [ INFO ] [EmailService:28] {"errors":[{"message":"The provided authorization grant is invalid, expired, or revoked","field":null,"help":null}]}
[2022-03-21 20:56:21] [ INFO ] [EmailService:28] {Strict-Transport-Security=max-age=600; includeSubDomains, Server=nginx, Access-Control-Allow-Origin=https://sendgrid.api-docs.io, Access-Control-Allow-Methods=POST, Connection=keep-alive, X-No-CORS-Reason=https://sendgrid.com/docs/Classroom/Basics/API/cors.html, Content-Length=116, Access-Control-Max-Age=600, Date=Mon, 21 Mar 2022 23:56:19 GMT, Access-Control-Allow-Headers=Authorization, Content-Type, On-behalf-of, x-sg-elas-acl, Content-Type=application/json}
[2022-03-21 21:01:02] [ INFO ] [EmailService:28] 401
[2022-03-21 21:01:02] [ INFO ] [EmailService:28] {"errors":[{"message":"The provided authorization grant is invalid, expired, or revoked","field":null,"help":null}]}
[2022-03-21 21:01:02] [ INFO ] [EmailService:28] {Strict-Transport-Security=max-age=600; includeSubDomains, Server=nginx, Access-Control-Allow-Origin=https://sendgrid.api-docs.io, Access-Control-Allow-Methods=POST, Connection=keep-alive, X-No-CORS-Reason=https://sendgrid.com/docs/Classroom/Basics/API/cors.html, Content-Length=116, Access-Control-Max-Age=600, Date=Tue, 22 Mar 2022 00:01:01 GMT, Access-Control-Allow-Headers=Authorization, Content-Type, On-behalf-of, x-sg-elas-acl, Content-Type=application/json}
[2022-03-21 21:12:40] [ INFO ] [EmailService:28] 401
[2022-03-21 21:12:40] [ INFO ] [EmailService:28] {"errors":[{"message":"The provided authorization grant is invalid, expired, or revoked","field":null,"help":null}]}
[2022-03-21 21:12:40] [ INFO ] [EmailService:28] {Strict-Transport-Security=max-age=600; includeSubDomains, Server=nginx, Access-Control-Allow-Origin=https://sendgrid.api-docs.io, Access-Control-Allow-Methods=POST, Connection=keep-alive, X-No-CORS-Reason=https://sendgrid.com/docs/Classroom/Basics/API/cors.html, Content-Length=116, Access-Control-Max-Age=600, Date=Tue, 22 Mar 2022 00:12:39 GMT, Access-Control-Allow-Headers=Authorization, Content-Type, On-behalf-of, x-sg-elas-acl, Content-Type=application/json}
[2022-03-21 21:16:19] [ INFO ] [EmailService:28] 401
[2022-03-21 21:16:19] [ INFO ] [EmailService:28] {"errors":[{"message":"The provided authorization grant is invalid, expired, or revoked","field":null,"help":null}]}
[2022-03-21 21:16:19] [ INFO ] [EmailService:28] {Strict-Transport-Security=max-age=600; includeSubDomains, Server=nginx, Access-Control-Allow-Origin=https://sendgrid.api-docs.io, Access-Control-Allow-Methods=POST, Connection=keep-alive, X-No-CORS-Reason=https://sendgrid.com/docs/Classroom/Basics/API/cors.html, Content-Length=116, Access-Control-Max-Age=600, Date=Tue, 22 Mar 2022 00:16:18 GMT, Access-Control-Allow-Headers=Authorization, Content-Type, On-behalf-of, x-sg-elas-acl, Content-Type=application/json}
[2022-03-21 21:20:37] [ INFO ] [EmailService:28] 202
[2022-03-21 21:20:37] [ INFO ] [EmailService:28] 
[2022-03-21 21:20:37] [ INFO ] [EmailService:28] {Strict-Transport-Security=max-age=600; includeSubDomains, Server=nginx, Access-Control-Allow-Origin=https://sendgrid.api-docs.io, Access-Control-Allow-Methods=POST, Connection=keep-alive, X-Message-Id=2dPeHhdjRMqQHdziCTxAwg, X-No-CORS-Reason=https://sendgrid.com/docs/Classroom/Basics/API/cors.html, Content-Length=0, Access-Control-Max-Age=600, Date=Tue, 22 Mar 2022 00:20:36 GMT, Access-Control-Allow-Headers=Authorization, Content-Type, On-behalf-of, x-sg-elas-acl}
[2022-03-21 21:22:11] [ INFO ] [EmailService:28] 202
[2022-03-21 21:22:11] [ INFO ] [EmailService:28] 
[2022-03-21 21:22:11] [ INFO ] [EmailService:28] {Strict-Transport-Security=max-age=600; includeSubDomains, Server=nginx, Access-Control-Allow-Origin=https://sendgrid.api-docs.io, Access-Control-Allow-Methods=POST, Connection=keep-alive, X-Message-Id=YtoEgCMYQnWr9rpY23ca0w, X-No-CORS-Reason=https://sendgrid.com/docs/Classroom/Basics/API/cors.html, Content-Length=0, Access-Control-Max-Age=600, Date=Tue, 22 Mar 2022 00:22:10 GMT, Access-Control-Allow-Headers=Authorization, Content-Type, On-behalf-of, x-sg-elas-acl}
[2022-03-21 21:25:36] [ INFO ] [EmailService:28] 202
[2022-03-21 21:25:36] [ INFO ] [EmailService:28] 
[2022-03-21 21:25:36] [ INFO ] [EmailService:28] {Strict-Transport-Security=max-age=600; includeSubDomains, Server=nginx, Access-Control-Allow-Origin=https://sendgrid.api-docs.io, Access-Control-Allow-Methods=POST, Connection=keep-alive, X-Message-Id=flC05p25R0SwJ4n4QZAVoQ, X-No-CORS-Reason=https://sendgrid.com/docs/Classroom/Basics/API/cors.html, Content-Length=0, Access-Control-Max-Age=600, Date=Tue, 22 Mar 2022 00:25:35 GMT, Access-Control-Allow-Headers=Authorization, Content-Type, On-behalf-of, x-sg-elas-acl}
[2022-03-21 21:38:57] [ INFO ] [EmailService:28] 202
[2022-03-21 21:38:57] [ INFO ] [EmailService:28] 
[2022-03-21 21:38:57] [ INFO ] [EmailService:28] {Strict-Transport-Security=max-age=600; includeSubDomains, Server=nginx, Access-Control-Allow-Origin=https://sendgrid.api-docs.io, Access-Control-Allow-Methods=POST, Connection=keep-alive, X-Message-Id=UIBKJYUzS667gYsVGfVeCQ, X-No-CORS-Reason=https://sendgrid.com/docs/Classroom/Basics/API/cors.html, Content-Length=0, Access-Control-Max-Age=600, Date=Tue, 22 Mar 2022 00:38:56 GMT, Access-Control-Allow-Headers=Authorization, Content-Type, On-behalf-of, x-sg-elas-acl}
[2022-03-21 23:29:53] [ INFO ] [EmailService:28] 202
[2022-03-21 23:29:53] [ INFO ] [EmailService:28] 
[2022-03-21 23:29:53] [ INFO ] [EmailService:28] {Strict-Transport-Security=max-age=600; includeSubDomains, Server=nginx, Access-Control-Allow-Origin=https://sendgrid.api-docs.io, Access-Control-Allow-Methods=POST, Connection=keep-alive, X-Message-Id=TZw4IkiGQrGMYFoQrg9pEg, X-No-CORS-Reason=https://sendgrid.com/docs/Classroom/Basics/API/cors.html, Content-Length=0, Access-Control-Max-Age=600, Date=Tue, 22 Mar 2022 02:29:52 GMT, Access-Control-Allow-Headers=Authorization, Content-Type, On-behalf-of, x-sg-elas-acl}
[2022-03-21 23:54:15] [ INFO ] [EmailService:28] 202
[2022-03-21 23:54:15] [ INFO ] [EmailService:28] 
[2022-03-21 23:54:15] [ INFO ] [EmailService:28] {Strict-Transport-Security=max-age=600; includeSubDomains, Server=nginx, Access-Control-Allow-Origin=https://sendgrid.api-docs.io, Access-Control-Allow-Methods=POST, Connection=keep-alive, X-Message-Id=mScER_2jRTWuhdFVPSPJEw, X-No-CORS-Reason=https://sendgrid.com/docs/Classroom/Basics/API/cors.html, Content-Length=0, Access-Control-Max-Age=600, Date=Tue, 22 Mar 2022 02:54:15 GMT, Access-Control-Allow-Headers=Authorization, Content-Type, On-behalf-of, x-sg-elas-acl}
[2022-03-22 00:23:49] [ INFO ] [EmailService:28] 202
[2022-03-22 00:23:49] [ INFO ] [EmailService:28] 
[2022-03-22 00:23:49] [ INFO ] [EmailService:28] {Strict-Transport-Security=max-age=600; includeSubDomains, Server=nginx, Access-Control-Allow-Origin=https://sendgrid.api-docs.io, Access-Control-Allow-Methods=POST, Connection=keep-alive, X-Message-Id=IIFL4RKaS6O3ST5Mb2Gi7Q, X-No-CORS-Reason=https://sendgrid.com/docs/Classroom/Basics/API/cors.html, Content-Length=0, Access-Control-Max-Age=600, Date=Tue, 22 Mar 2022 03:23:48 GMT, Access-Control-Allow-Headers=Authorization, Content-Type, On-behalf-of, x-sg-elas-acl}
[2022-03-22 00:39:02] [ INFO ] [EmailService:28] 202
[2022-03-22 00:39:02] [ INFO ] [EmailService:28] 
[2022-03-22 00:39:02] [ INFO ] [EmailService:28] {Strict-Transport-Security=max-age=600; includeSubDomains, Server=nginx, Access-Control-Allow-Origin=https://sendgrid.api-docs.io, Access-Control-Allow-Methods=POST, Connection=keep-alive, X-Message-Id=WjslLgocR4KnKNH7snYC8w, X-No-CORS-Reason=https://sendgrid.com/docs/Classroom/Basics/API/cors.html, Content-Length=0, Access-Control-Max-Age=600, Date=Tue, 22 Mar 2022 03:39:02 GMT, Access-Control-Allow-Headers=Authorization, Content-Type, On-behalf-of, x-sg-elas-acl}
[2022-03-22 00:59:54] [ INFO ] [EmailService:28] 202
[2022-03-22 00:59:54] [ INFO ] [EmailService:28] 
[2022-03-22 00:59:54] [ INFO ] [EmailService:28] {Strict-Transport-Security=max-age=600; includeSubDomains, Server=nginx, Access-Control-Allow-Origin=https://sendgrid.api-docs.io, Access-Control-Allow-Methods=POST, Connection=keep-alive, X-Message-Id=V8hlH_MpTnKEp3hRlM_Juw, X-No-CORS-Reason=https://sendgrid.com/docs/Classroom/Basics/API/cors.html, Content-Length=0, Access-Control-Max-Age=600, Date=Tue, 22 Mar 2022 03:59:54 GMT, Access-Control-Allow-Headers=Authorization, Content-Type, On-behalf-of, x-sg-elas-acl}
[2022-03-22 01:10:59] [ INFO ] [EmailService:28] 202
[2022-03-22 01:10:59] [ INFO ] [EmailService:28] 
[2022-03-22 01:10:59] [ INFO ] [EmailService:28] {Strict-Transport-Security=max-age=600; includeSubDomains, Server=nginx, Access-Control-Allow-Origin=https://sendgrid.api-docs.io, Access-Control-Allow-Methods=POST, Connection=keep-alive, X-Message-Id=m4hZtZI5QHyofbi8b_hQ9w, X-No-CORS-Reason=https://sendgrid.com/docs/Classroom/Basics/API/cors.html, Content-Length=0, Access-Control-Max-Age=600, Date=Tue, 22 Mar 2022 04:10:58 GMT, Access-Control-Allow-Headers=Authorization, Content-Type, On-behalf-of, x-sg-elas-acl}
[2022-03-22 19:08:41] [ INFO ] [EmailService:28] 202
[2022-03-22 19:08:41] [ INFO ] [EmailService:28] 
[2022-03-22 19:08:41] [ INFO ] [EmailService:28] {Strict-Transport-Security=max-age=600; includeSubDomains, Server=nginx, Access-Control-Allow-Origin=https://sendgrid.api-docs.io, Access-Control-Allow-Methods=POST, Connection=keep-alive, X-Message-Id=PgHuLaABTqWQZ7arO_mZLw, X-No-CORS-Reason=https://sendgrid.com/docs/Classroom/Basics/API/cors.html, Content-Length=0, Access-Control-Max-Age=600, Date=Tue, 22 Mar 2022 22:08:40 GMT, Access-Control-Allow-Headers=Authorization, Content-Type, On-behalf-of, x-sg-elas-acl}
[2022-03-22 19:12:42] [ INFO ] [EmailService:28] 202
[2022-03-22 19:12:42] [ INFO ] [EmailService:28] 
[2022-03-22 19:12:42] [ INFO ] [EmailService:28] {Strict-Transport-Security=max-age=600; includeSubDomains, Server=nginx, Access-Control-Allow-Origin=https://sendgrid.api-docs.io, Access-Control-Allow-Methods=POST, Connection=keep-alive, X-Message-Id=wkQE4_mXSS24jN09TRZB7w, X-No-CORS-Reason=https://sendgrid.com/docs/Classroom/Basics/API/cors.html, Content-Length=0, Access-Control-Max-Age=600, Date=Tue, 22 Mar 2022 22:12:41 GMT, Access-Control-Allow-Headers=Authorization, Content-Type, On-behalf-of, x-sg-elas-acl}
[2022-03-22 19:19:22] [ INFO ] [EmailService:28] 202
[2022-03-22 19:19:22] [ INFO ] [EmailService:28] 
[2022-03-22 19:19:22] [ INFO ] [EmailService:28] {Strict-Transport-Security=max-age=600; includeSubDomains, Server=nginx, Access-Control-Allow-Origin=https://sendgrid.api-docs.io, Access-Control-Allow-Methods=POST, Connection=keep-alive, X-Message-Id=8Vv4hATzTFmm-M5EIq5iAw, X-No-CORS-Reason=https://sendgrid.com/docs/Classroom/Basics/API/cors.html, Content-Length=0, Access-Control-Max-Age=600, Date=Tue, 22 Mar 2022 22:19:21 GMT, Access-Control-Allow-Headers=Authorization, Content-Type, On-behalf-of, x-sg-elas-acl}
[2022-03-22 19:22:21] [ INFO ] [EmailService:28] 202
[2022-03-22 19:22:21] [ INFO ] [EmailService:28] 
[2022-03-22 19:22:21] [ INFO ] [EmailService:28] {Strict-Transport-Security=max-age=600; includeSubDomains, Server=nginx, Access-Control-Allow-Origin=https://sendgrid.api-docs.io, Access-Control-Allow-Methods=POST, Connection=keep-alive, X-Message-Id=mIt6jRSjSxallCZTWrJklg, X-No-CORS-Reason=https://sendgrid.com/docs/Classroom/Basics/API/cors.html, Content-Length=0, Access-Control-Max-Age=600, Date=Tue, 22 Mar 2022 22:22:20 GMT, Access-Control-Allow-Headers=Authorization, Content-Type, On-behalf-of, x-sg-elas-acl}
[2022-03-22 19:26:39] [ INFO ] [EmailService:28] 202
[2022-03-22 19:26:39] [ INFO ] [EmailService:28] 
[2022-03-22 19:26:39] [ INFO ] [EmailService:28] {Strict-Transport-Security=max-age=600; includeSubDomains, Server=nginx, Access-Control-Allow-Origin=https://sendgrid.api-docs.io, Access-Control-Allow-Methods=POST, Connection=keep-alive, X-Message-Id=wOqpnBvWSdiCVwc5a8Qxxw, X-No-CORS-Reason=https://sendgrid.com/docs/Classroom/Basics/API/cors.html, Content-Length=0, Access-Control-Max-Age=600, Date=Tue, 22 Mar 2022 22:26:38 GMT, Access-Control-Allow-Headers=Authorization, Content-Type, On-behalf-of, x-sg-elas-acl}
[2022-03-22 19:37:54] [ INFO ] [EmailService:28] 202
[2022-03-22 19:37:54] [ INFO ] [EmailService:28] 
[2022-03-22 19:37:54] [ INFO ] [EmailService:28] {Strict-Transport-Security=max-age=600; includeSubDomains, Server=nginx, Access-Control-Allow-Origin=https://sendgrid.api-docs.io, Access-Control-Allow-Methods=POST, Connection=keep-alive, X-Message-Id=I1HqgVVkQvmmPOcQGDg62Q, X-No-CORS-Reason=https://sendgrid.com/docs/Classroom/Basics/API/cors.html, Content-Length=0, Access-Control-Max-Age=600, Date=Tue, 22 Mar 2022 22:37:54 GMT, Access-Control-Allow-Headers=Authorization, Content-Type, On-behalf-of, x-sg-elas-acl}
[2022-03-22 19:46:33] [ INFO ] [EmailService:28] 202
[2022-03-22 19:46:33] [ INFO ] [EmailService:28] 
[2022-03-22 19:46:33] [ INFO ] [EmailService:28] {Strict-Transport-Security=max-age=600; includeSubDomains, Server=nginx, Access-Control-Allow-Origin=https://sendgrid.api-docs.io, Access-Control-Allow-Methods=POST, Connection=keep-alive, X-Message-Id=bpLKcieKS8G1dv4LOokZBQ, X-No-CORS-Reason=https://sendgrid.com/docs/Classroom/Basics/API/cors.html, Content-Length=0, Access-Control-Max-Age=600, Date=Tue, 22 Mar 2022 22:46:32 GMT, Access-Control-Allow-Headers=Authorization, Content-Type, On-behalf-of, x-sg-elas-acl}
[2022-03-22 20:26:22] [ INFO ] [EmailService:28] 202
[2022-03-22 20:26:22] [ INFO ] [EmailService:28] 
[2022-03-22 20:26:22] [ INFO ] [EmailService:28] {Strict-Transport-Security=max-age=600; includeSubDomains, Server=nginx, Access-Control-Allow-Origin=https://sendgrid.api-docs.io, Access-Control-Allow-Methods=POST, Connection=keep-alive, X-Message-Id=vwbsT9SxTd-tmu5b_VdDFw, X-No-CORS-Reason=https://sendgrid.com/docs/Classroom/Basics/API/cors.html, Content-Length=0, Access-Control-Max-Age=600, Date=Tue, 22 Mar 2022 23:26:21 GMT, Access-Control-Allow-Headers=Authorization, Content-Type, On-behalf-of, x-sg-elas-acl}
[2022-03-22 20:35:10] [ INFO ] [EmailService:28] 400
[2022-03-22 20:35:10] [ INFO ] [EmailService:28] {"errors":[{"message":"The content value must be a string at least one character in length.","field":"content.0.value","help":"http://sendgrid.com/docs/API_Reference/Web_API_v3/Mail/errors.html#message.content.value"}]}
[2022-03-22 20:35:10] [ INFO ] [EmailService:28] {Strict-Transport-Security=max-age=600; includeSubDomains, Server=nginx, Access-Control-Allow-Origin=https://sendgrid.api-docs.io, Access-Control-Allow-Methods=POST, Connection=keep-alive, X-No-CORS-Reason=https://sendgrid.com/docs/Classroom/Basics/API/cors.html, Content-Length=219, Access-Control-Max-Age=600, Date=Tue, 22 Mar 2022 23:35:09 GMT, Access-Control-Allow-Headers=Authorization, Content-Type, On-behalf-of, x-sg-elas-acl, Content-Type=application/json}
[2022-03-22 20:46:52] [ INFO ] [EmailService:28] 202
[2022-03-22 20:46:52] [ INFO ] [EmailService:28] 
[2022-03-22 20:46:52] [ INFO ] [EmailService:28] {Strict-Transport-Security=max-age=600; includeSubDomains, Server=nginx, Access-Control-Allow-Origin=https://sendgrid.api-docs.io, Access-Control-Allow-Methods=POST, Connection=keep-alive, X-Message-Id=lIGSZFX8TRW0fpONlgJmKQ, X-No-CORS-Reason=https://sendgrid.com/docs/Classroom/Basics/API/cors.html, Content-Length=0, Access-Control-Max-Age=600, Date=Tue, 22 Mar 2022 23:46:51 GMT, Access-Control-Allow-Headers=Authorization, Content-Type, On-behalf-of, x-sg-elas-acl}
[2022-03-22 21:11:21] [ INFO ] [EmailService:28] 400
[2022-03-22 21:11:21] [ INFO ] [EmailService:28] {"errors":[{"message":"The content value must be a string at least one character in length.","field":"content.0.value","help":"http://sendgrid.com/docs/API_Reference/Web_API_v3/Mail/errors.html#message.content.value"}]}
[2022-03-22 21:11:21] [ INFO ] [EmailService:28] {Strict-Transport-Security=max-age=600; includeSubDomains, Server=nginx, Access-Control-Allow-Origin=https://sendgrid.api-docs.io, Access-Control-Allow-Methods=POST, Connection=keep-alive, X-No-CORS-Reason=https://sendgrid.com/docs/Classroom/Basics/API/cors.html, Content-Length=219, Access-Control-Max-Age=600, Date=Wed, 23 Mar 2022 00:11:20 GMT, Access-Control-Allow-Headers=Authorization, Content-Type, On-behalf-of, x-sg-elas-acl, Content-Type=application/json}
